<?xml version="1.0" encoding="UTF-8"?>
<!-- Generated by org.testng.reporters.JUnitReportReporter -->
<testsuite hostname="LAPTOP-DJTLPK5V" failures="0" tests="3" name="com.samples.Webapp" time="12.486" errors="0" timestamp="2022-10-18T15:22:38 IST" skipped="0">
  <testcase classname="com.samples.Webapp" name="loadtime" time="0.102"/>
  <system-out/>
  <testcase classname="com.samples.Webapp" name="search" time="6.271"/>
  <system-out/>
  <testcase classname="com.samples.Webapp" name="scroll" time="6.113"/>
  <system-out/>
</testsuite> <!-- com.samples.Webapp -->
